[    0.000000] Linux version 4.15.0-96-generic (buildd@lgw01-amd64-004) (gcc version 7.5.0 (Ubuntu 7.5.0-3ubuntu1~18.04)) #97-Ubuntu SMP Wed Apr 1 03:25:46 UTC 2020 (Ubuntu 4.15.0-96.97-generic 4.15.18)
[    0.000000] Command line: BOOT_IMAGE=/boot/vmlinuz-4.15.0-96-generic root=LABEL=cloudimg-rootfs ro console=tty1 console=ttyS0
[    0.000000] KERNEL supported cpus:
[    0.000000]   Intel GenuineIntel
[    0.000000]   AMD AuthenticAMD
[    0.000000]   Centaur CentaurHauls
[    0.000000] x86/fpu: Supporting XSAVE feature 0x001: 'x87 floating point registers'
[    0.000000] x86/fpu: Supporting XSAVE feature 0x002: 'SSE registers'
[    0.000000] x86/fpu: Supporting XSAVE feature 0x004: 'AVX registers'
[    0.000000] x86/fpu: xstate_offset[2]:  576, xstate_sizes[2]:  256
[    0.000000] x86/fpu: Enabled xstate features 0x7, context size is 832 bytes, using 'standard' format.
[    0.000000] e820: BIOS-provided physical RAM map:
[    0.000000] BIOS-e820: [mem 0x0000000000000000-0x000000000009fbff] usable
[    0.000000] BIOS-e820: [mem 0x000000000009fc00-0x000000000009ffff] reserved
[    0.000000] BIOS-e820: [mem 0x00000000000f0000-0x00000000000fffff] reserved
[    0.000000] BIOS-e820: [mem 0x0000000000100000-0x000000003ffeffff] usable
[    0.000000] BIOS-e820: [mem 0x000000003fff0000-0x000000003fffffff] ACPI data
[    0.000000] BIOS-e820: [mem 0x00000000fec00000-0x00000000fec00fff] reserved
[    0.000000] BIOS-e820: [mem 0x00000000fee00000-0x00000000fee00fff] reserved
[    0.000000] BIOS-e820: [mem 0x00000000fffc0000-0x00000000ffffffff] reserved
[    0.000000] NX (Execute Disable) protection: active
[    0.000000] SMBIOS 2.5 present.
[    0.000000] DMI: innotek GmbH VirtualBox/VirtualBox, BIOS VirtualBox 12/01/2006
[    0.000000] Hypervisor detected: KVM
[    0.000000] e820: last_pfn = 0x3fff0 max_arch_pfn = 0x400000000
[    0.000000] MTRR: Disabled
[    0.000000] x86/PAT: MTRRs disabled, skipping PAT initialization too.
[    0.000000] CPU MTRRs all blank - virtualized system.
[    0.000000] x86/PAT: Configuration [0-7]: WB  WT  UC- UC  WB  WT  UC- UC  
[    0.000000] found SMP MP-table at [mem 0x0009fff0-0x0009ffff]
[    0.000000] Scanning 1 areas for low memory corruption
[    0.000000] RAMDISK: [mem 0x35a6f000-0x36d2efff]
[    0.000000] ACPI: Early table checksum verification disabled
[    0.000000] ACPI: RSDP 0x00000000000E0000 000024 (v02 VBOX  )
[    0.000000] ACPI: XSDT 0x000000003FFF0030 00003C (v01 VBOX   VBOXXSDT 00000001 ASL  00000061)
[    0.000000] ACPI: FACP 0x000000003FFF00F0 0000F4 (v04 VBOX   VBOXFACP 00000001 ASL  00000061)
[    0.000000] ACPI: DSDT 0x000000003FFF0470 002325 (v02 VBOX   VBOXBIOS 00000002 INTL 20100528)
[    0.000000] ACPI: FACS 0x000000003FFF0200 000040
[    0.000000] ACPI: FACS 0x000000003FFF0200 000040
[    0.000000] ACPI: APIC 0x000000003FFF0240 00005C (v02 VBOX   VBOXAPIC 00000001 ASL  00000061)
[    0.000000] ACPI: SSDT 0x000000003FFF02A0 0001CC (v01 VBOX   VBOXCPUT 00000002 INTL 20100528)
[    0.000000] No NUMA configuration found
[    0.000000] Faking a node at [mem 0x0000000000000000-0x000000003ffeffff]
[    0.000000] NODE_DATA(0) allocated [mem 0x3ffc5000-0x3ffeffff]
[    0.000000] kvm-clock: cpu 0, msr 0:3ff44001, primary cpu clock
[    0.000000] kvm-clock: Using msrs 4b564d01 and 4b564d00
[    0.000000] kvm-clock: using sched offset of 3538726433 cycles
[    0.000000] clocksource: kvm-clock: mask: 0xffffffffffffffff max_cycles: 0x1cd42e4dffb, max_idle_ns: 881590591483 ns
[    0.000000] Zone ranges:
[    0.000000]   DMA      [mem 0x0000000000001000-0x0000000000ffffff]
[    0.000000]   DMA32    [mem 0x0000000001000000-0x000000003ffeffff]
[    0.000000]   Normal   empty
[    0.000000]   Device   empty
[    0.000000] Movable zone start for each node
[    0.000000] Early memory node ranges
[    0.000000]   node   0: [mem 0x0000000000001000-0x000000000009efff]
[    0.000000]   node   0: [mem 0x0000000000100000-0x000000003ffeffff]
[    0.000000] Reserved but unavailable: 98 pages
[    0.000000] Initmem setup node 0 [mem 0x0000000000001000-0x000000003ffeffff]
[    0.000000] ACPI: PM-Timer IO Port: 0x4008
[    0.000000] IOAPIC[0]: apic_id 2, version 32, address 0xfec00000, GSI 0-23
[    0.000000] ACPI: INT_SRC_OVR (bus 0 bus_irq 0 global_irq 2 dfl dfl)
[    0.000000] ACPI: INT_SRC_OVR (bus 0 bus_irq 9 global_irq 9 low level)
[    0.000000] Using ACPI (MADT) for SMP configuration information
[    0.000000] smpboot: Allowing 2 CPUs, 0 hotplug CPUs
[    0.000000] PM: Registered nosave memory: [mem 0x00000000-0x00000fff]
[    0.000000] PM: Registered nosave memory: [mem 0x0009f000-0x0009ffff]
[    0.000000] PM: Registered nosave memory: [mem 0x000a0000-0x000effff]
[    0.000000] PM: Registered nosave memory: [mem 0x000f0000-0x000fffff]
[    0.000000] e820: [mem 0x40000000-0xfebfffff] available for PCI devices
[    0.000000] Booting paravirtualized kernel on KVM
[    0.000000] clocksource: refined-jiffies: mask: 0xffffffff max_cycles: 0xffffffff, max_idle_ns: 7645519600211568 ns
[    0.000000] random: get_random_bytes called from start_kernel+0x99/0x4fd with crng_init=0
[    0.000000] setup_percpu: NR_CPUS:8192 nr_cpumask_bits:2 nr_cpu_ids:2 nr_node_ids:1
[    0.000000] percpu: Embedded 45 pages/cpu s147456 r8192 d28672 u1048576
[    0.000000] PV qspinlock hash table entries: 256 (order: 0, 4096 bytes)
[    0.000000] Built 1 zonelists, mobility grouping on.  Total pages: 257913
[    0.000000] Policy zone: DMA32
[    0.000000] Kernel command line: BOOT_IMAGE=/boot/vmlinuz-4.15.0-96-generic root=LABEL=cloudimg-rootfs ro console=tty1 console=ttyS0
[    0.000000] Memory: 983068K/1048120K available (12300K kernel code, 2481K rwdata, 4264K rodata, 2432K init, 2712K bss, 65052K reserved, 0K cma-reserved)
[    0.000000] SLUB: HWalign=64, Order=0-3, MinObjects=0, CPUs=2, Nodes=1
[    0.000000] Kernel/User page tables isolation: enabled
[    0.000000] ftrace: allocating 39351 entries in 154 pages
[    0.004000] Hierarchical RCU implementation.
[    0.004000] 	RCU restricting CPUs from NR_CPUS=8192 to nr_cpu_ids=2.
[    0.004000] 	Tasks RCU enabled.
[    0.004000] RCU: Adjusting geometry for rcu_fanout_leaf=16, nr_cpu_ids=2
[    0.004000] NR_IRQS: 524544, nr_irqs: 440, preallocated irqs: 16
[    0.004000] Console: colour VGA+ 80x25
[    0.004000] console [tty1] enabled
[    0.004000] console [ttyS0] enabled
[    0.004000] ACPI: Core revision 20170831
[    0.004000] ACPI: 2 ACPI AML tables successfully acquired and loaded
[    0.004000] APIC: Switch to symmetric I/O mode setup
[    0.004000] x2apic enabled
[    0.004000] Switched APIC routing to physical x2apic.
[    0.004000] ..TIMER: vector=0x30 apic1=0 pin1=2 apic2=-1 pin2=-1
[    0.004000] tsc: Detected 2399.998 MHz processor
[    0.004007] Calibrating delay loop (skipped) preset value.. 4799.99 BogoMIPS (lpj=9599992)
[    0.005323] pid_max: default: 32768 minimum: 301
[    0.006090] Security Framework initialized
[    0.006759] Yama: becoming mindful.
[    0.008016] AppArmor: AppArmor initialized
[    0.009891] Dentry cache hash table entries: 131072 (order: 8, 1048576 bytes)
[    0.011052] Inode-cache hash table entries: 65536 (order: 7, 524288 bytes)
[    0.012009] Mount-cache hash table entries: 2048 (order: 2, 16384 bytes)
[    0.013368] Mountpoint-cache hash table entries: 2048 (order: 2, 16384 bytes)
[    0.015304] Last level iTLB entries: 4KB 64, 2MB 8, 4MB 8
[    0.016002] Last level dTLB entries: 4KB 64, 2MB 0, 4MB 0, 1GB 4
[    0.016958] Spectre V1 : Mitigation: usercopy/swapgs barriers and __user pointer sanitization
[    0.018313] Spectre V2 : Mitigation: Full generic retpoline
[    0.019260] Spectre V2 : Spectre v2 / SpectreRSB mitigation: Filling RSB on context switch
[    0.020001] Speculative Store Bypass: Vulnerable
[    0.020923] MDS: Mitigation: Clear CPU buffers
[    0.022085] Freeing SMP alternatives memory: 36K
[    0.132460] smpboot: CPU0: Intel(R) Core(TM) i9-9980HK CPU @ 2.40GHz (family: 0x6, model: 0x9e, stepping: 0xd)
[    0.134779] Performance Events: unsupported p6 CPU model 158 no PMU driver, software events only.
[    0.136024] Hierarchical SRCU implementation.
[    0.137517] NMI watchdog: Perf event create on CPU 0 failed with -2
[    0.139088] NMI watchdog: Perf NMI watchdog permanently disabled
[    0.140036] smp: Bringing up secondary CPUs ...
[    0.140868] x86: Booting SMP configuration:
[    0.141533] .... node  #0, CPUs:      #1
[    0.004000] kvm-clock: cpu 1, msr 0:3ff44041, secondary cpu clock
[    0.147507] smp: Brought up 1 node, 2 CPUs
[    0.148003] smpboot: Max logical packages: 1
[    0.149032] smpboot: Total of 2 processors activated (9599.99 BogoMIPS)
[    0.150596] devtmpfs: initialized
[    0.152012] x86/mm: Memory block size: 128MB
[    0.153031] evm: security.selinux
[    0.154196] evm: security.SMACK64
[    0.154756] evm: security.SMACK64EXEC
[    0.155344] evm: security.SMACK64TRANSMUTE
[    0.156002] evm: security.SMACK64MMAP
[    0.156592] evm: security.apparmor
[    0.157145] evm: security.ima
[    0.157685] evm: security.capability
[    0.158864] clocksource: jiffies: mask: 0xffffffff max_cycles: 0xffffffff, max_idle_ns: 7645041785100000 ns
[    0.160008] futex hash table entries: 512 (order: 3, 32768 bytes)
[    0.162836] pinctrl core: initialized pinctrl subsystem
[    0.164071] RTC time: 13:28:05, date: 04/17/20
[    0.165106] NET: Registered protocol family 16
[    0.165930] audit: initializing netlink subsys (disabled)
[    0.168006] audit: type=2000 audit(1587130090.343:1): state=initialized audit_enabled=0 res=1
[    0.169518] cpuidle: using governor ladder
[    0.169518] cpuidle: using governor menu
[    0.169646] ACPI: bus type PCI registered
[    0.170309] acpiphp: ACPI Hot Plug PCI Controller Driver version: 0.5
[    0.172081] PCI: Using configuration type 1 for base access
[    0.173000] HugeTLB registered 2.00 MiB page size, pre-allocated 0 pages
[    0.176050] ACPI: Added _OSI(Module Device)
[    0.176803] ACPI: Added _OSI(Processor Device)
[    0.177510] ACPI: Added _OSI(3.0 _SCP Extensions)
[    0.178927] ACPI: Added _OSI(Processor Aggregator Device)
[    0.180003] ACPI: Added _OSI(Linux-Dell-Video)
[    0.180978] ACPI: Added _OSI(Linux-Lenovo-NV-HDMI-Audio)
[    0.181805] ACPI: Added _OSI(Linux-HPI-Hybrid-Graphics)
[    0.182977] ACPI: Executed 1 blocks of module-level executable AML code
[    0.186353] ACPI: Interpreter enabled
[    0.187190] ACPI: (supports S0 S5)
[    0.188001] ACPI: Using IOAPIC for interrupt routing
[    0.188952] PCI: Using host bridge windows from ACPI; if necessary, use "pci=nocrs" and report a bug
[    0.190508] ACPI: Enabled 2 GPEs in block 00 to 07
[    0.197098] ACPI: PCI Root Bridge [PCI0] (domain 0000 [bus 00-ff])
[    0.198464] acpi PNP0A03:00: _OSC: OS supports [ASPM ClockPM Segments MSI]
[    0.200314] acpi PNP0A03:00: _OSC: not requesting OS control; OS requires [ExtendedConfig ASPM ClockPM MSI]
[    0.201868] acpi PNP0A03:00: fail to add MMCONFIG information, can't access extended PCI configuration space under this bridge.
[    0.204410] PCI host bridge to bus 0000:00
[    0.205055] pci_bus 0000:00: root bus resource [io  0x0000-0x0cf7 window]
[    0.206126] pci_bus 0000:00: root bus resource [io  0x0d00-0xffff window]
[    0.208002] pci_bus 0000:00: root bus resource [mem 0x000a0000-0x000bffff window]
[    0.209422] pci_bus 0000:00: root bus resource [mem 0x40000000-0xfdffffff window]
[    0.211046] pci_bus 0000:00: root bus resource [bus 00-ff]
[    0.214102] pci 0000:00:01.1: legacy IDE quirk: reg 0x10: [io  0x01f0-0x01f7]
[    0.215175] pci 0000:00:01.1: legacy IDE quirk: reg 0x14: [io  0x03f6]
[    0.216002] pci 0000:00:01.1: legacy IDE quirk: reg 0x18: [io  0x0170-0x0177]
[    0.217247] pci 0000:00:01.1: legacy IDE quirk: reg 0x1c: [io  0x0376]
[    0.229229] pci 0000:00:07.0: quirk: [io  0x4000-0x403f] claimed by PIIX4 ACPI
[    0.231040] pci 0000:00:07.0: quirk: [io  0x4100-0x410f] claimed by PIIX4 SMB
[    0.236236] ACPI: PCI Interrupt Link [LNKA] (IRQs 5 9 10 *11)
[    0.237802] ACPI: PCI Interrupt Link [LNKB] (IRQs 5 9 *10 11)
[    0.239156] ACPI: PCI Interrupt Link [LNKC] (IRQs 5 *9 10 11)
[    0.240099] ACPI: PCI Interrupt Link [LNKD] (IRQs 5 9 10 *11)
[    0.241371] SCSI subsystem initialized
[    0.242004] pci 0000:00:02.0: vgaarb: setting as boot VGA device
[    0.242004] pci 0000:00:02.0: vgaarb: VGA device added: decodes=io+mem,owns=io+mem,locks=none
[    0.244009] pci 0000:00:02.0: vgaarb: bridge control possible
[    0.244957] vgaarb: loaded
[    0.245490] ACPI: bus type USB registered
[    0.246148] usbcore: registered new interface driver usbfs
[    0.248007] usbcore: registered new interface driver hub
[    0.249324] usbcore: registered new device driver usb
[    0.250531] EDAC MC: Ver: 3.0.0
[    0.252215] PCI: Using ACPI for IRQ routing
[    0.253026] NetLabel: Initializing
[    0.253800] NetLabel:  domain hash size = 128
[    0.254573] NetLabel:  protocols = UNLABELED CIPSOv4 CALIPSO
[    0.256013] NetLabel:  unlabeled traffic allowed by default
[    0.256873] clocksource: Switched to clocksource kvm-clock
[    0.266871] VFS: Disk quotas dquot_6.6.0
[    0.268378] VFS: Dquot-cache hash table entries: 512 (order 0, 4096 bytes)
[    0.270084] AppArmor: AppArmor Filesystem Enabled
[    0.270983] pnp: PnP ACPI init
[    0.272505] pnp: PnP ACPI: found 3 devices
[    0.280734] clocksource: acpi_pm: mask: 0xffffff max_cycles: 0xffffff, max_idle_ns: 2085701024 ns
[    0.282545] NET: Registered protocol family 2
[    0.283824] TCP established hash table entries: 8192 (order: 4, 65536 bytes)
[    0.285954] TCP bind hash table entries: 8192 (order: 5, 131072 bytes)
[    0.287983] TCP: Hash tables configured (established 8192 bind 8192)
[    0.289519] UDP hash table entries: 512 (order: 2, 16384 bytes)
[    0.290672] UDP-Lite hash table entries: 512 (order: 2, 16384 bytes)
[    0.291996] NET: Registered protocol family 1
[    0.292749] pci 0000:00:00.0: Limiting direct PCI/PCI transfers
[    0.294048] pci 0000:00:01.0: Activating ISA DMA hang workarounds
[    0.295020] pci 0000:00:02.0: Video device with shadowed ROM at [mem 0x000c0000-0x000dffff]
[    0.296391] Unpacking initramfs...
[    0.527251] Freeing initrd memory: 19200K
[    0.528807] clocksource: tsc: mask: 0xffffffffffffffff max_cycles: 0x229835b7123, max_idle_ns: 440795242976 ns
[    0.531388] platform rtc_cmos: registered platform RTC device (no PNP device found)
[    0.533217] Scanning for low memory corruption every 60 seconds
[    0.535058] Initialise system trusted keyrings
[    0.535772] Key type blacklist registered
[    0.537046] workingset: timestamp_bits=36 max_order=18 bucket_order=0
[    0.539007] zbud: loaded
[    0.539753] squashfs: version 4.0 (2009/01/31) Phillip Lougher
[    0.540794] fuse init (API version 7.26)
[    0.543229] Key type asymmetric registered
[    0.544604] Asymmetric key parser 'x509' registered
[    0.546080] Block layer SCSI generic (bsg) driver version 0.4 loaded (major 246)
[    0.548441] io scheduler noop registered
[    0.549197] io scheduler deadline registered
[    0.549865] io scheduler cfq registered (default)
[    0.551209] ACPI: AC Adapter [AC] (on-line)
[    0.551888] input: Power Button as /devices/LNXSYSTM:00/LNXPWRBN:00/input/input0
[    0.553078] ACPI: Power Button [PWRF]
[    0.553704] input: Sleep Button as /devices/LNXSYSTM:00/LNXSLPBN:00/input/input1
[    0.554815] ACPI: Sleep Button [SLPF]
[    0.556146] Serial: 8250/16550 driver, 32 ports, IRQ sharing enabled
[    0.556706] ACPI: Battery Slot [BAT0] (battery present)
[    0.579620] 00:02: ttyS0 at I/O 0x3f8 (irq = 4, base_baud = 115200) is a 16550A
[    0.582200] Linux agpgart interface v0.103
[    0.583568] loop: module loaded
[    0.585041] scsi host0: ata_piix
[    0.585921] scsi host1: ata_piix
[    0.586650] ata1: PATA max UDMA/33 cmd 0x1f0 ctl 0x3f6 bmdma 0xd000 irq 14
[    0.587761] ata2: PATA max UDMA/33 cmd 0x170 ctl 0x376 bmdma 0xd008 irq 15
[    0.588889] libphy: Fixed MDIO Bus: probed
[    0.589599] tun: Universal TUN/TAP device driver, 1.6
[    0.590420] PPP generic driver version 2.4.2
[    0.591419] ehci_hcd: USB 2.0 'Enhanced' Host Controller (EHCI) Driver
[    0.592517] ehci-pci: EHCI PCI platform driver
[    0.593267] ehci-platform: EHCI generic platform driver
[    0.594320] ohci_hcd: USB 1.1 'Open' Host Controller (OHCI) Driver
[    0.595382] ohci-pci: OHCI PCI platform driver
[    0.596372] ohci-platform: OHCI generic platform driver
[    0.597199] uhci_hcd: USB Universal Host Controller Interface driver
[    0.598311] i8042: PNP: PS/2 Controller [PNP0303:PS2K,PNP0f03:PS2M] at 0x60,0x64 irq 1,12
[    0.600223] serio: i8042 KBD port at 0x60,0x64 irq 1
[    0.601244] serio: i8042 AUX port at 0x60,0x64 irq 12
[    0.602111] mousedev: PS/2 mouse device common for all mice
[    0.603254] input: AT Translated Set 2 keyboard as /devices/platform/i8042/serio0/input/input2
[    0.604909] rtc_cmos rtc_cmos: rtc core: registered rtc_cmos as rtc0
[    0.605912] rtc_cmos rtc_cmos: alarms up to one day, 114 bytes nvram
[    0.606964] i2c /dev entries driver
[    0.607552] device-mapper: uevent: version 1.0.3
[    0.608533] device-mapper: ioctl: 4.37.0-ioctl (2017-09-20) initialised: dm-devel@redhat.com
[    0.610547] ledtrig-cpu: registered to indicate activity on CPUs
[    0.611826] NET: Registered protocol family 10
[    0.614858] Segment Routing with IPv6
[    0.615470] NET: Registered protocol family 17
[    0.616329] Key type dns_resolver registered
[    0.617490] mce: Using 0 MCE banks
[    0.618103] RAS: Correctable Errors collector initialized.
[    0.618962] sched_clock: Marking stable (617441085, 0)->(753422575, -135981490)
[    0.620449] registered taskstats version 1
[    0.621115] Loading compiled-in X.509 certificates
[    0.623598] Loaded X.509 cert 'Build time autogenerated kernel key: 244b473b43e18b01f00e37a87f2ecd28620f0244'
[    0.625662] zswap: loaded using pool lzo/zbud
[    0.629423] Key type big_key registered
[    0.630543] Key type trusted registered
[    0.632921] Key type encrypted registered
[    0.633839] AppArmor: AppArmor sha1 policy hashing enabled
[    0.634751] ima: No TPM chip found, activating TPM-bypass! (rc=-19)
[    0.636153] ima: Allocated hash algorithm: sha1
[    0.637016] evm: HMAC attrs: 0x1
[    0.637919]   Magic number: 0:569:483
[    0.639109] rtc_cmos rtc_cmos: setting system clock to 2020-04-17 13:28:06 UTC (1587130086)
[    0.640504] BIOS EDD facility v0.16 2004-Jun-25, 0 devices found
[    0.641441] EDD information not available.
[    1.166942] Freeing unused kernel image memory: 2432K
[    1.180012] Write protecting the kernel read-only data: 20480k
[    1.182042] Freeing unused kernel image memory: 2008K
[    1.183278] Freeing unused kernel image memory: 1880K
[    1.191063] x86/mm: Checked W+X mappings: passed, no W+X pages found.
[    1.192502] x86/mm: Checking user space page tables
[    1.199450] x86/mm: Checked W+X mappings: passed, no W+X pages found.
Loading, please wait...
starting version 237
[    1.247894] Fusion MPT base driver 3.04.20
[    1.248955] Copyright (c) 1999-2008 LSI Corporation
[    1.253297] Fusion MPT SPI Host driver 3.04.20
[    1.256880] e1000: Intel(R) PRO/1000 Network Driver - version 7.3.21-k8-NAPI
[    1.259029] e1000: Copyright (c) 1999-2006 Intel Corporation.
[    1.260946] mptbase: ioc0: Initiating bringup
[    1.270499] AVX2 version of gcm_enc/dec engaged.
[    1.271672] AES CTR mode by8 optimization enabled
[    1.365241] ioc0: LSI53C1030 A0: Capabilities={Initiator}
[    1.465556] input: ImExPS/2 Generic Explorer Mouse as /devices/platform/i8042/serio1/input/input4
[    1.629484] scsi host2: ioc0: LSI53C1030 A0, FwRev=00000000h, Ports=1, MaxQ=256, IRQ=20
[    1.797558] scsi 2:0:0:0: Direct-Access     VBOX     HARDDISK         1.0  PQ: 0 ANSI: 5
[    1.832352] scsi target2:0:0: Beginning Domain Validation
[    1.835888] scsi target2:0:0: Domain Validation skipping write tests
[    1.837394] scsi target2:0:0: Ending Domain Validation
[    1.838577] scsi target2:0:0: asynchronous
[    1.840249] scsi 2:0:1:0: Direct-Access     VBOX     HARDDISK         1.0  PQ: 0 ANSI: 5
[    2.144054] scsi target2:0:1: Beginning Domain Validation
[    2.146958] random: fast init done
[    2.147895] scsi target2:0:1: Domain Validation skipping write tests
[    2.149087] scsi target2:0:1: Ending Domain Validation
[    2.150017] scsi target2:0:1: asynchronous
[    2.154547] random: systemd-udevd: uninitialized urandom read (16 bytes read)
[    2.154590] sd 2:0:0:0: Attached scsi generic sg0 type 0
[    2.155987] random: systemd-udevd: uninitialized urandom read (16 bytes read)
[    2.157317] sd 2:0:1:0: Attached scsi generic sg1 type 0
[    2.158555] random: systemd-udevd: uninitialized urandom read (16 bytes read)
[    2.161210] sd 2:0:0:0: [sda] 20971520 512-byte logical blocks: (10.7 GB/10.0 GiB)
[    2.163579] sd 2:0:0:0: [sda] Write Protect is off
[    2.164599] sd 2:0:1:0: [sdb] 20480 512-byte logical blocks: (10.5 MB/10.0 MiB)
[    2.166043] sd 2:0:1:0: [sdb] Write Protect is off
[    2.166819] sd 2:0:0:0: [sda] Incomplete mode parameter data
[    2.167780] sd 2:0:0:0: [sda] Assuming drive cache: write through
[    2.168882] sd 2:0:1:0: [sdb] Incomplete mode parameter data
[    2.170002] sd 2:0:1:0: [sdb] Assuming drive cache: write through
[    2.172160]  sda: sda1
[    2.173011] sd 2:0:0:0: [sda] Attached SCSI disk
[    2.173943] sd 2:0:1:0: [sdb] Attached SCSI disk
[    2.189919] e1000 0000:00:03.0 eth0: (PCI:33MHz:32-bit) 02:d9:f0:ef:3d:0e
[    2.192091] e1000 0000:00:03.0 eth0: Intel(R) PRO/1000 Network Connection
[    2.194516] e1000 0000:00:03.0 enp0s3: renamed from eth0
Begin: Loading essential drivers ... [    3.520268] raid6: sse2x1   gen() 14332 MB/s
[    3.568149] raid6: sse2x1   xor()  8024 MB/s
[    3.618008] raid6: sse2x2   gen() 17655 MB/s
[    3.664114] raid6: sse2x2   xor() 10901 MB/s
[    3.712172] raid6: sse2x4   gen() 17917 MB/s
[    3.760277] raid6: sse2x4   xor() 11121 MB/s
[    3.808181] raid6: avx2x1   gen() 27380 MB/s
[    3.857952] raid6: avx2x1   xor() 17334 MB/s
[    3.904484] raid6: avx2x2   gen() 33130 MB/s
[    3.958200] raid6: avx2x2   xor() 24624 MB/s
[    4.004100] raid6: avx2x4   gen() 36685 MB/s
[    4.052374] raid6: avx2x4   xor() 21936 MB/s
[    4.053673] raid6: using algorithm avx2x4 gen() 36685 MB/s
[    4.055330] raid6: .... xor() 21936 MB/s, rmw enabled
[    4.056090] raid6: using avx2x2 recovery algorithm
[    4.058111] xor: automatically using best checksumming function   avx       
[    4.060604] async_tx: api initialized (async)
done.
Begin: Running /scripts/init-premount ... done.
Begin: Mounting root file system ... Begin: Running /scripts/local-top ... done.
Begin: Running /scripts/local-premount ... [    4.095609] Btrfs loaded, crc32c=crc32c-intel
Scanning for Btrfs filesystems
done.
Warning: fsck not present, so skipping root file system
[    4.118130] EXT4-fs (sda1): mounted filesystem with ordered data mode. Opts: (null)
done.
Begin: Running /scripts/local-bottom ... done.
Begin: Running /scripts/init-bottom ... done.
[    4.255664] ip_tables: (C) 2000-2006 Netfilter Core Team
[    4.264320] systemd[1]: systemd 237 running in system mode. (+PAM +AUDIT +SELINUX +IMA +APPARMOR +SMACK +SYSVINIT +UTMP +LIBCRYPTSETUP +GCRYPT +GNUTLS +ACL +XZ +LZ4 +SECCOMP +BLKID +ELFUTILS +KMOD -IDN2 +IDN -PCRE2 default-hierarchy=hybrid)
[    4.268629] systemd[1]: Detected virtualization oracle.
[    4.270576] systemd[1]: Detected architecture x86-64.

Welcome to [1mUbuntu 18.04.4 LTS[0m!

[    4.276744] systemd[1]: Set hostname to <ubuntu>.
[    4.282072] systemd[1]: Initializing machine ID from random generator.
[    4.283244] systemd[1]: Installed transient /etc/machine-id file.
[    4.454072] systemd[1]: Reached target System Time Synchronized.
[[0;32m  OK  [0m] Reached target System Time Synchronized.
[    4.456659] systemd[1]: Created slice User and Session Slice.
[[0;32m  OK  [0m] Created slice User and Session Slice.
[    4.536040] systemd[1]: Reached target User and Group Name Lookups.
[[0;32m  OK  [0m] Reached target User and Group Name Lookups.
[    4.538786] systemd[1]: Started Forward Password Requests to Wall Directory Watch.
[[0;32m  OK  [0m] Started Forward Password Requests to Wall Directory Watch.
[[0;32m  OK  [0m] Created slice System Slice.
[[0;32m  OK  [0m] Listening on udev Control Socket.
[[0;32m  OK  [0m] Listening on Journal Socket.
         Starting Remount Root and Kernel File Systems...
         Starting Load Kernel Modules...
         Starting Set the console keyboard layout...
         Mounting POSIX Message Queue File System...
[[0;32m  OK  [0m] Listening on Syslog Socket.
[    4.563990] Loading iSCSI transport class v2.0-870.
[[0;32m  OK  [0m] Listening on Device-mapper event daemon FIFOs.
[    4.569492] iscsi: registered transport (tcp)
[[0;32m  OK  [0m] Reached target Slices.
[    4.582833] iscsi: registered transport (iser)
[    4.586844] EXT4-fs (sda1): re-mounted. Opts: (null)
[[0;32m  OK  [0m] Listening on /dev/initctl Compatibility Named Pipe.
         Starting Create list of required st…ce nodes for the current kernel...
[[0;32m  OK  [0m] Listening on Journal Socket (/dev/log).
[[0;32m  OK  [0m] Created slice system-serial\x2dgetty.slice.
         Mounting Huge Pages File System...
         Starting Uncomplicated firewall...
         Mounting Kernel Debug File System...
[[0;32m  OK  [0m] Listening on Journal Audit Socket.
         Starting Journal Service...
[[0;32m  OK  [0m] Set up automount Arbitrary Executab…rmats File System Automount Point.
[[0;32m  OK  [0m] Listening on LVM2 poll daemon socket.
[[0;32m  OK  [0m] Reached target Swap.
[[0;32m  OK  [0m] Listening on Network Service Netlink Socket.
[[0;32m  OK  [0m] Listening on udev Kernel Socket.
         Starting udev Coldplug all Devices...
[[0;32m  OK  [0m] Listening on LVM2 metadata daemon socket.
         Starting Monitoring of LVM2 mirrors…ng dmeventd or progress polling...
[[0;32m  OK  [0m] Started Journal Service.
[[0;32m  OK  [0m] Started Remount Root and Kernel File Systems.
[[0;32m  OK  [0m] Started Load Kernel Modules.
[[0;32m  OK  [0m] Started Set the console keyboard layout.
[[0;32m  OK  [0m] Mounted POSIX Message Queue File System.
[[0;32m  OK  [0m] Started Create list of required sta…vice nodes for the current kernel.
[[0;32m  OK  [0m] Mounted Huge Pages File System.
[[0;32m  OK  [0m] Started Uncomplicated firewall.
[[0;32m  OK  [0m] Mounted Kernel Debug File System.
[[0;32m  OK  [0m] Started LVM2 metadata daemon.
         Starting Create Static Device Nodes in /dev...
         Starting Apply Kernel Variables...
         Mounting FUSE Control File System...
         Mounting Kernel Configuration File System...
         Starting Load/Save Random Seed...
         Starting Flush Journal to Persistent Storage...
[[0;32m  OK  [0m] Started Monitoring of LVM2 mirrors,…sing dmeventd or progress polling.
[[0;32m  OK  [0m] Started udev Coldplug all Devices.
[[0;32m  OK  [0m] Started Create Static Device Nodes in /dev.
[[0;32m  OK  [0m] Started Apply Kernel Variables.
[[0;32m  OK  [0m] Mounted FUSE Control File System.
[[0;32m  OK  [0m] Mounted Kernel Configuration File System.
[[0;32m  OK  [0m] Started Load/Save Random Seed.
         Starting udev Kernel Device Manager...
[[0;32m  OK  [0m] Reached target Local File Systems (Pre).
[[0;32m  OK  [0m] Reached target Local File Systems.
         Starting AppArmor initialization...
         Starting Tell Plymouth To Write Out Runtime Data...
         Starting Set console font and keymap...
         Starting Commit a transient machine-id on disk...
         Starting ebtables ruleset management...
[[0;32m  OK  [0m] Started udev Kernel Device Manager.
[[0;32m  OK  [0m] Started Dispatch Password Requests to Console Directory Watch.
[[0;32m  OK  [0m] Reached target Local Encrypted Volumes.
[[0;32m  OK  [0m] Started Tell Plymouth To Write Out Runtime Data.
[[0;32m  OK  [0m] Started Set console font and keymap.
[[0;32m  OK  [0m] Started Flush Journal to Persistent Storage.
[[0;32m  OK  [0m] Started ebtables ruleset management.
[[0;32m  OK  [0m] Started Commit a transient machine-id on disk.
         Starting Create Volatile Files and Directories...
[[0;32m  OK  [0m] Started Create Volatile Files and Directories.
         Starting Update UTMP about System Boot/Shutdown...
[[0;32m  OK  [0m] Started Update UTMP about System Boot/Shutdown.
[[0;32m  OK  [0m] Found device /dev/ttyS0.
[[0;32m  OK  [0m] Listening on Load/Save RF Kill Switch Status /dev/rfkill Watch.
[[0;32m  OK  [0m] Started AppArmor initialization.
         Starting Initial cloud-init job (pre-networking)...
[    6.407111] cloud-init[549]: Cloud-init v. 19.4-33-gbb4131a2-0ubuntu1~18.04.1 running 'init-local' at Fri, 17 Apr 2020 13:28:12 +0000. Up 6.14 seconds.
[[0;32m  OK  [0m] Started Initial cloud-init job (pre-networking).
[[0;32m  OK  [0m] Reached target Network (Pre).
         Starting Network Service...
[[0;32m  OK  [0m] Started Network Service.
         Starting Wait for Network to be Configured...
         Starting Network Name Resolution...
[[0;32m  OK  [0m] Started Network Name Resolution.
[[0;32m  OK  [0m] Reached target Host and Network Name Lookups.
[[0;32m  OK  [0m] Reached target Network.
[[0;32m  OK  [0m] Started Wait for Network to be Configured.
         Starting Initial cloud-init job (metadata service crawler)...
[    8.536726] cloud-init[658]: Cloud-init v. 19.4-33-gbb4131a2-0ubuntu1~18.04.1 running 'init' at Fri, 17 Apr 2020 13:28:14 +0000. Up 8.44 seconds.
[    8.538298] cloud-init[658]: ci-info: ++++++++++++++++++++++++++++++++++++++Net device info++++++++++++++++++++++++++++++++++++++
[    8.539449] cloud-init[658]: ci-info: +--------+------+----------------------------+---------------+--------+-------------------+
[    8.552282] cloud-init[658]: ci-info: | Device |  Up  |          Address           |      Mask     | Scope  |     Hw-Address    |
[    8.553457] cloud-init[658]: ci-info: +--------+------+----------------------------+---------------+--------+-------------------+
[    8.564174] cloud-init[658]: ci-info: | enp0s3 | True |         10.0.2.15          | 255.255.255.0 | global | 02:d9:f0:ef:3d:0e |
[    8.565186] cloud-init[658]: ci-info: | enp0s3 | True | fe80::d9:f0ff:feef:3d0e/64 |       .       |  link  | 02:d9:f0:ef:3d:0e |
[    8.566115] cloud-init[658]: ci-info: |   lo   | True |         127.0.0.1          |   255.0.0.0   |  host  |         .         |
[    8.567530] cloud-init[658]: ci-info: |   lo   | True |          ::1/128           |       .       |  host  |         .         |
[    8.569169] cloud-init[658]: ci-info: +--------+------+----------------------------+---------------+--------+-------------------+
[    8.580350] cloud-init[658]: ci-info: ++++++++++++++++++++++++++++Route IPv4 info+++++++++++++++++++++++++++++
[    8.581679] cloud-init[658]: ci-info: +-------+-------------+----------+-----------------+-----------+-------+
[    8.582903] cloud-init[658]: ci-info: | Route | Destination | Gateway  |     Genmask     | Interface | Flags |
[    8.584191] cloud-init[658]: ci-info: +-------+-------------+----------+-----------------+-----------+-------+
[    8.585617] cloud-init[658]: ci-info: |   0   |   0.0.0.0   | 10.0.2.2 |     0.0.0.0     |   enp0s3  |   UG  |
[    8.586861] cloud-init[658]: ci-info: |   1   |   10.0.2.0  | 0.0.0.0  |  255.255.255.0  |   enp0s3  |   U   |
[    8.588120] cloud-init[658]: ci-info: |   2   |   10.0.2.2  | 0.0.0.0  | 255.255.255.255 |   enp0s3  |   UH  |
[    8.589375] cloud-init[658]: ci-info: +-------+-------------+----------+-----------------+-----------+-------+
[    8.590869] cloud-init[658]: ci-info: +++++++++++++++++++Route IPv6 info+++++++++++++++++++
[    8.592287] cloud-init[658]: ci-info: +-------+-------------+---------+-----------+-------+
[    8.604188] cloud-init[658]: ci-info: | Route | Destination | Gateway | Interface | Flags |
[    8.604941] cloud-init[658]: ci-info: +-------+-------------+---------+-----------+-------+
[    8.605615] cloud-init[658]: ci-info: |   1   |  fe80::/64  |    ::   |   enp0s3  |   U   |
[    8.616165] cloud-init[658]: ci-info: |   3   |    local    |    ::   |   enp0s3  |   U   |
[    8.617161] cloud-init[658]: ci-info: |   4   |   ff00::/8  |    ::   |   enp0s3  |   U   |
[    8.628183] cloud-init[658]: ci-info: +-------+-------------+---------+-----------+-------+
[    9.100680] cloud-init[658]: Generating public/private rsa key pair.
[    9.101222] cloud-init[658]: Your identification has been saved in /etc/ssh/ssh_host_rsa_key.
[    9.112350] cloud-init[658]: Your public key has been saved in /etc/ssh/ssh_host_rsa_key.pub.
[    9.124228] cloud-init[658]: The key fingerprint is:
[[0;32m  OK  [0m] Started Initial cloud-init job (metadata service crawler).
[[0;32m  OK  [0m] Reached target Network is Online.
[    9.142148] cloud-init[658]: SHA256:WjXXcjv4maTj9ENF7lF5II19TE7DwnIH2cbkScEmq7Q root@ubuntu-bionic
[    9.165996] cloud-init[658]: The key's randomart image is:
[    9.179985] cloud-init[658]: +---[RSA 2048]----+
[    9.180683] cloud-init[658]: |            o=XO=|
[    9.181343] cloud-init[658]: |           ..O=%O|
[    9.316998] cloud-init[658]: |          o = X*+|
[    9.318122] cloud-init[658]: |         . + = oo|
[    9.318685] cloud-init[658]: |        S . + +o.|
[    9.319204] cloud-init[658]: |       o   E +.+.|
[    9.319858] cloud-init[658]: |      .     +.+  |
[    9.320365] cloud-init[658]: |           o o.  |
[    9.531567] cloud-init[658]: |            . .. |
[   10.202706] cloud-init[658]: +----[SHA256]-----+
[[0;32m  OK  [0m] Reached target Remote File Systems (Pre).
[[0;32m  OK  [0m] Reached target Remote File Systems.
[   10.215152] cloud-init[658]: Generating public/private dsa key pair.
[   10.526573] cloud-init[658]: Your identification has been saved in /etc/ssh/ssh_host_dsa_key.
[   10.527845] cloud-init[658]: Your public key has been saved in /etc/ssh/ssh_host_dsa_key.pub.
         Starting Availability of block devices...
[[0;32m  OK  [0m] Reached target System Initialization.
[[0;32m  OK  [0m] Listening on ACPID Listen Socket.
[   10.546814] cloud-init[658]: The key fingerprint is:
[   10.549043] cloud-init[658]: SHA256:a+qaa4VKrzHMDbFOrPNBijYNdp7iEwE3lU/mkY+Votc root@ubuntu-bionic
[   10.560344] cloud-init[658]: The key's randomart image is:
[   10.572794] cloud-init[658]: +---[DSA 1024]----+
[   10.584268] cloud-init[658]: |   ... . .       |
[   10.584744] cloud-init[658]: |. o . * o        |
[   10.585266] cloud-init[658]: |.... * B         |
[   10.585874] cloud-init[658]: | o o. = E        |
[   11.165510] cloud-init[658]: | oB. o  S        |
[   11.194388] cloud-init[658]: |oX*oo .  .       |
[   11.195648] cloud-init[658]: |==O*..  o        |
[[0;32m  OK  [0m] Listening on D-Bus System Message Bus Socket.
[   11.198699] cloud-init[658]: |o+++o. o         |
[   11.200607] cloud-init[658]: | .+o++o          |
[   11.212878] cloud-init[658]: +----[SHA256]-----+
         Starting Socket activation for snappy daemon.
[[0;32m  OK  [0m] Started Message of the Day.
[[0;32m  OK  [0m] Listening on Open-iSCSI iscsid Socket.
[   11.215885] cloud-init[658]: Generating public/private ecdsa key pair.
[   11.314093] cloud-init[658]: Your identification has been saved in /etc/ssh/ssh_host_ecdsa_key.
[   11.314803] cloud-init[658]: Your public key has been saved in /etc/ssh/ssh_host_ecdsa_key.pub.
[   11.315645] cloud-init[658]: The key fingerprint is:
         Starting LXD - unix socket.
[   11.334583] cloud-init[658]: SHA256:rpm+j8Zw7u1ugB3Yhqa6T9nqfR7gewYzfWTw3kUcTNQ root@ubuntu-bionic
[   11.345874] cloud-init[658]: The key's randomart image is:
[   11.346816] cloud-init[658]: +---[ECDSA 256]---+
[   11.347477] cloud-init[658]: |           =+o   |
[   11.347975] cloud-init[658]: |      .     + E  |
[   11.348766] cloud-init[658]: |     + o   .     |
[   11.349590] cloud-init[658]: |    + + +   .    |
[   11.350355] cloud-init[658]: |   o.= =S. .     |
[[0;32m  OK  [0m] Started ACPI Events Check.
[[0;32m  OK  [0m] Reached target Paths.
[[0;32m  OK  [0m] Started Daily Cleanup of Temporary Directories.
[[0;32m  OK  [0m] Started Discard unused blocks once a week.
[[0;32m  OK  [0m] Listening on UUID daemon activation socket.
[[0;32m  OK  [0m] Started Daily apt download activities.
[[0;32m  OK  [0m] Started Daily apt upgrade and clean activities.
[   11.353649] cloud-init[658]: |  .+*.=.o .      |
[   12.000330] cloud-init[658]: | .o oO.o.        |
[   12.000793] cloud-init[658]: |.. o .BB.        |
[   12.141358] cloud-init[658]: |.++ oOX*=        |
[   12.142298] cloud-init[658]: +----[SHA256]-----+
[   12.143271] cloud-init[658]: Generating public/private ed25519 key pair.
[   12.144471] cloud-init[658]: Your identification has been saved in /etc/ssh/ssh_host_ed25519_key.
[[0;32m  OK  [0m] Reached target Timers.
[[0;32m  OK  [0m] Reached target Cloud-config availability.
[[0;32m  OK  [0m] Started Availability of block devices.
[[0;32m  OK  [0m] Listening on Socket activation for snappy daemon.
[[0;32m  OK  [0m] Listening on LXD - unix socket.
[   12.148353] cloud-init[658]: Your public key has been saved in /etc/ssh/ssh_host_ed25519_key.pub.
[[0;32m  OK  [0m] Reached target Sockets.
[[0;32m  OK  [0m] Reached target Basic System.
[   12.153677] cloud-init[658]: The key fingerprint is:[[0;32m  OK  [0m] Started FUSE filesystem for LXC.

[   12.156885] cloud-init[658]: SHA256:ByQ1/kzYdyG5ta9aionMXI5/j2Fr28ElRdIQSXAykzE root@ubuntu-bionic[[0;32m  OK  [0m] Started irqbalance daemon.
         Starting LXD - container startup/shutdown...
         Starting Permit User Sessions...
         Starting LSB: automatic crash report generation...

[   12.163253] cloud-init[658]: The key's randomart image is:
         Starting Login Service...
[   12.166300] cloud-init[658]: +--[ED25519 256]--+         Starting Virtualbox guest utils...

[[0;32m  OK  [0m] Started D-Bus System Message Bus.
[   12.170048] cloud-init[658]: |      ..+   E*B=.|
[   12.173747] cloud-init[658]: |       + +  oBo+.|
[   12.176438] cloud-init[658]: |        + o .o...|
[   12.180031] cloud-init[658]: |         = ..... |
[   12.184183] cloud-init[658]: |        S +   ...|
[   12.188992] cloud-init[658]: |         .   . o.|
[   12.189799] cloud-init[658]: |          . o +. |
[   12.190666] cloud-init[658]: |       + = +oB.. |
[   12.191896] cloud-init[658]: |        *.=o*+o  |
[   12.192919] cloud-init[658]: +----[SHA256]-----+
         Starting System Logging Service...
         Starting LSB: Record successful boot for GRUB...
         Starting Pollinate to seed the pseudo random number generator...
         Starting Accounts Service...
         Starting Dispatcher daemon for systemd-networkd...
[[0;32m  OK  [0m] Started Regular background program processing daemon.
[[0;32m  OK  [0m] Started Deferred execution scheduler.
         Starting Snappy daemon...
[[0;32m  OK  [0m] Started System Logging Service.
[[0;32m  OK  [0m] Started LXD - container startup/shutdown.
[[0;32m  OK  [0m] Started Permit User Sessions.
[[0;32m  OK  [0m] Started Login Service.
         Starting Authorization Manager...
[[0;32m  OK  [0m] Started Unattended Upgrades Shutdown.
         Starting Hold until boot process finishes up...
         Starting Terminate Plymouth Boot Screen...
[[0;32m  OK  [0m] Started Hold until boot process finishes up.
         Starting Set console scheme...
[[0;32m  OK  [0m] Started Serial Getty on ttyS0.
[[0;32m  OK  [0m] Started Terminate Plymouth Boot Screen.
[[0;32m  OK  [0m] Started Set console scheme.
[[0;32m  OK  [0m] Created slice system-getty.slice.
[[0;32m  OK  [0m] Started Getty on tty1.
[[0;32m  OK  [0m] Reached target Login Prompts.
[[0;32m  OK  [0m] Started LSB: automatic crash report generation.
[[0;32m  OK  [0m] Started LSB: Record successful boot for GRUB.
[[0;32m  OK  [0m] Started Virtualbox guest utils.
[[0;32m  OK  [0m] Started Authorization Manager.
[[0;32m  OK  [0m] Started Accounts Service.
[[0;32m  OK  [0m] Started Dispatcher daemon for systemd-networkd.
[[0;32m  OK  [0m] Started Snappy daemon.
         Starting Wait until snapd is fully seeded...
[[0;32m  OK  [0m] Started Pollinate to seed the pseudo random number generator.
         Starting OpenBSD Secure Shell server...
[[0;32m  OK  [0m] Started OpenBSD Secure Shell server.
[[0;32m  OK  [0m] Created slice User Slice of vagrant.
         Starting User Manager for UID 1000...
[[0;32m  OK  [0m] Started Session 1 of user vagrant.
[[0;32m  OK  [0m] Started User Manager for UID 1000.
[[0;32m  OK  [0m] Started Wait until snapd is fully seeded.
         Starting Apply the settings specified in cloud-config...
[[0;32m  OK  [0m] Reached target Multi-User System.
[[0;32m  OK  [0m] Reached target Graphical Interface.
         Starting Update UTMP about System Runlevel Changes...
[[0;32m  OK  [0m] Started Update UTMP about System Runlevel Changes.
[   15.084102] cloud-init[1251]: Cloud-init v. 19.4-33-gbb4131a2-0ubuntu1~18.04.1 running 'modules:config' at Fri, 17 Apr 2020 13:28:20 +0000. Up 14.80 seconds.
[[0;32m  OK  [0m] Started Apply the settings specified in cloud-config.
         Starting Execute cloud user/final scripts...
ci-info: no authorized SSH keys fingerprints found for user ubuntu.
<14>Apr 17 13:28:21 ec2: 
<14>Apr 17 13:28:21 ec2: #############################################################
<14>Apr 17 13:28:21 ec2: -----BEGIN SSH HOST KEY FINGERPRINTS-----
<14>Apr 17 13:28:21 ec2: 1024 SHA256:a+qaa4VKrzHMDbFOrPNBijYNdp7iEwE3lU/mkY+Votc root@ubuntu-bionic (DSA)
<14>Apr 17 13:28:21 ec2: 256 SHA256:rpm+j8Zw7u1ugB3Yhqa6T9nqfR7gewYzfWTw3kUcTNQ root@ubuntu-bionic (ECDSA)
<14>Apr 17 13:28:21 ec2: 256 SHA256:ByQ1/kzYdyG5ta9aionMXI5/j2Fr28ElRdIQSXAykzE root@ubuntu-bionic (ED25519)
<14>Apr 17 13:28:21 ec2: 2048 SHA256:WjXXcjv4maTj9ENF7lF5II19TE7DwnIH2cbkScEmq7Q root@ubuntu-bionic (RSA)
<14>Apr 17 13:28:21 ec2: -----END SSH HOST KEY FINGERPRINTS-----
<14>Apr 17 13:28:21 ec2: #############################################################
-----BEGIN SSH HOST KEY KEYS-----
ecdsa-sha2-nistp256 AAAAE2VjZHNhLXNoYTItbmlzdHAyNTYAAAAIbmlzdHAyNTYAAABBBAKQQCrdpTieXW3w2b4usv00IA10amDB5fbdD8jOIQWCKIhXfaAOkTwP3LT5MbzF74v9jyrKYcIOPKQmuCzRDKM= root@ubuntu-bionic
ssh-ed25519 AAAAC3NzaC1lZDI1NTE5AAAAIBzbfkwXOn4Fr98JlvV0GWE1Vv5TKM3zkyCAXabWA245 root@ubuntu-bionic
ssh-rsa AAAAB3NzaC1yc2EAAAADAQABAAABAQDfGSivl/Fwwbo1OddAtvw6lJD5TKLb6F72hhZuBkk8Pb1eVSiFDIR8xze/hs49/oKvikB/ZnhEMKRl6/E272lZcbOYZ7k2HV9r0WmJPY0IM1+jJcSAqWs/TL0yrSuwJYY2DxFpcr/xsyPP1wShb4mj5xcGTe9EPBW6EYwrJ6Oi+8W2td+DDAr+aU8HHJUrsiBgRtWKzeM8/FFXSig514wT/WWeRhGXY563oeCqhw2V4BlYKLPjIwAFjF4USK4jNh+r2X00kaXGcw54efHlGNNxaaJ+v/rrf2dt4zuxeDzaMZ9nv8tjlXHOcJJ2mWD8k2INqUV6e+9lfWSw9aJp1y6H root@ubuntu-bionic
-----END SSH HOST KEY KEYS-----
[   15.550176] cloud-init[1371]: Cloud-init v. 19.4-33-gbb4131a2-0ubuntu1~18.04.1 running 'modules:final' at Fri, 17 Apr 2020 13:28:21 +0000. Up 15.42 seconds.
[   15.551465] cloud-init[1371]: ci-info: no authorized SSH keys fingerprints found for user ubuntu.
[   15.564295] cloud-init[1371]: Cloud-init v. 19.4-33-gbb4131a2-0ubuntu1~18.04.1 finished at Fri, 17 Apr 2020 13:28:21 +0000. Datasource DataSourceNoCloud [seed=/dev/sdb][dsmode=net].  Up 15.54 seconds
[[0;32m  OK  [0m] Started Execute cloud user/final scripts.
[[0;32m  OK  [0m] Reached target Cloud-init target.

Ubuntu 18.04.4 LTS ubuntu-bionic ttyS0

ubuntu-bionic login: 